2024-02-06 18:28:44 User Andi -> Started the application
2024-02-06 18:28:51 User Andi -> Asked for the date
2024-02-06 18:36:44 User Andi -> **************************************************
2024-02-06 18:36:44 User Andi -> Started the application
2024-02-06 18:36:51 User Andi -> Asked to see today''s logs
2024-02-06 18:37:24 User Andi -> Exiting the app
2024-02-06 18:37:24 User Andi -> **************************************************
2024-02-06 18:38:50 User Andi -> **************************************************
2024-02-06 18:38:50 User Andi -> Started the application
2024-02-06 18:38:54 User Andi -> Asked for the date
2024-02-06 18:39:07 User Andi -> Asked to see today''s logs
2024-02-06 18:39:29 User Andi -> Asked to see today''s logs
2024-02-06 18:39:37 User Andi -> Exiting the app
2024-02-06 18:39:37 User Andi -> **************************************************
2024-02-06 18:48:06 User Andi -> **************************************************
2024-02-06 18:48:06 User Andi -> Started the application
2024-02-06 18:48:10 User Andi -> Asked for an activity
2024-02-06 18:48:21 User Andi -> Asked for an activity
2024-02-06 18:48:30 User Andi -> Asked to see today''s logs
2024-02-06 18:48:39 User Andi -> Exiting the app
2024-02-06 18:48:39 User Andi -> **************************************************
2024-02-06 18:50:31 User Andi -> **************************************************
2024-02-06 18:50:31 User Andi -> Started the application
2024-02-06 18:50:34 User Andi -> Asked for an activity
2024-02-06 18:50:39 User Andi -> Exiting the app
2024-02-06 18:50:39 User Andi -> **************************************************
2024-02-06 18:59:15 User Andi -> **************************************************
2024-02-06 18:59:15 User Andi -> Started the application
2024-02-06 18:59:18 User Andi -> Asked for an activity
2024-02-06 18:59:25 User Andi -> Asked to see today''s logs
2024-02-06 18:59:31 User Andi -> Exiting the app
2024-02-06 18:59:31 User Andi -> **************************************************
2024-02-06 19:34:43 User Andi -> **************************************************
2024-02-06 19:34:43 User Andi -> Started the application
2024-02-06 19:34:48 User Andi -> Asked for a joke
2024-02-06 19:34:55 User Andi -> Asked for a joke
2024-02-06 19:35:04 User Andi -> Asked for the weather
2024-02-06 19:35:15 User Andi -> Asked for a joke
2024-02-06 19:35:22 User Andi -> Exiting the app
2024-02-06 19:35:22 User Andi -> **************************************************
2024-02-06 19:35:49 User Andi -> **************************************************
2024-02-06 19:35:49 User Andi -> Started the application
2024-02-06 19:35:52 User Andi -> Asked for the weather
2024-02-06 19:36:24 User Andi -> Exiting the app
2024-02-06 19:36:24 User Andi -> **************************************************
2024-02-06 20:15:15 User Andi -> **************************************************
2024-02-06 20:15:15 User Andi -> Started the application
2024-02-06 20:15:23 User Andi -> Exiting the app
2024-02-06 20:15:23 User Andi -> **************************************************
2024-02-06 20:15:49 User Andi -> **************************************************
2024-02-06 20:15:49 User Andi -> Started the application
2024-02-06 20:15:56 User Andi -> Asked for lyrics
2024-02-06 20:16:19 User Andi -> Exiting the app
2024-02-06 20:16:19 User Andi -> **************************************************
2024-02-06 20:17:18 User Andi -> **************************************************
2024-02-06 20:17:18 User Andi -> Started the application
2024-02-06 20:17:21 User Andi -> Asked for lyrics
2024-02-06 20:17:52 User Andi -> Exiting the app
2024-02-06 20:17:52 User Andi -> **************************************************
2024-02-06 20:34:49 User Andi -> **************************************************
2024-02-06 20:34:49 User Andi -> Started the application
2024-02-06 20:34:55 User Andi -> Asked for lyrics
2024-02-06 20:35:21 User Andi -> Exiting the app
2024-02-06 20:35:21 User Andi -> **************************************************
2024-02-06 20:45:49 User Andi -> **************************************************
2024-02-06 20:45:49 User Andi -> Started the application
2024-02-06 20:45:57 User Andi -> Asked for lyrics
2024-02-06 20:46:07 User Andi -> Asked for lyrics
2024-02-06 20:47:23 User Andi -> Exiting the app
2024-02-06 20:47:23 User Andi -> **************************************************
2024-02-06 20:52:18 User Andi -> **************************************************
2024-02-06 20:52:18 User Andi -> Started the application
2024-02-06 20:52:22 User Andi -> Asked for lyrics
2024-02-06 20:52:55 User Andi -> Exiting the app
2024-02-06 20:52:55 User Andi -> **************************************************
2024-02-06 20:53:38 User Andi -> **************************************************
2024-02-06 20:53:38 User Andi -> Started the application
2024-02-06 20:53:42 User Andi -> Asked for lyrics
2024-02-06 20:54:00 User Andi -> Exiting the app
2024-02-06 20:54:00 User Andi -> **************************************************
2024-02-06 20:54:12 User Andi -> **************************************************
2024-02-06 20:54:12 User Andi -> Started the application
2024-02-06 20:54:16 User Andi -> Asked for lyrics
2024-02-06 20:55:07 User Andi -> Exiting the app
2024-02-06 20:55:07 User Andi -> **************************************************
2024-02-06 20:59:23 User Andi -> **************************************************
2024-02-06 20:59:23 User Andi -> Started the application
2024-02-06 20:59:29 User Andi -> Asked for lyrics
2024-02-06 21:00:41 User Andi -> Asked to see today''s logs
2024-02-06 21:01:00 User Andi -> Exiting the app
2024-02-06 21:01:00 User Andi -> **************************************************
